{"message":"Server running at http://localhost:3001/","level":"info"}
{"message":"Server running at http://localhost:3001/","level":"info"}
{"message":"Server running at http://localhost:3001/","level":"info"}
{"message":"Server running at http://localhost:3001/","level":"info"}
{"message":"Server running at http://localhost:3001/","level":"info"}
{"message":"Server running at http://localhost:3001/","level":"info"}
{"message":"Server running at http://localhost:3001/","level":"info"}
{"message":"Server running at http://localhost:3001/","level":"info"}
{"message":"Server running at http://localhost:3001/","level":"info"}
{"message":"Server running at http://localhost:3001/","level":"info"}
{"code":"ENOCONN","name":"RequestError","level":"info"}
{"level":"info"}
{"message":"Server running at http://localhost:3001/","level":"info"}
{"code":"ENOCONN","name":"RequestError","level":"info"}
{"message":"Server running at http://localhost:3001/","level":"info"}
{"message":"Server running at http://localhost:3001/","level":"info"}
{"code":"ENOCONN","name":"RequestError","level":"info"}
{"message":"Server running at http://localhost:3001/","level":"info"}
{"level":"info","message":{"code":"ESOCKET","originalError":{"message":"Failed to connect to SERVLES:1433 - self signed certificate","code":"ESOCKET"},"name":"ConnectionError"}}
{"code":"ENOCONN","name":"RequestError","level":"info"}
{"level":"info","message":{"code":"ESOCKET","originalError":{"message":"Failed to connect to SERVLES:1433 - self signed certificate","code":"ESOCKET"},"name":"ConnectionError"}}
{"code":"ENOCONN","name":"RequestError","level":"info"}
{"level":"info","message":{"code":"ESOCKET","originalError":{"message":"Failed to connect to SERVLES:1433 - self signed certificate","code":"ESOCKET"},"name":"ConnectionError"}}
{"code":"ENOCONN","name":"RequestError","level":"info"}
{"message":"Server running at http://localhost:3001/","level":"info"}
{"message":"Server running at http://localhost:3001/","level":"info"}
{"level":"info","message":{"code":"ESOCKET","originalError":{"message":"Failed to connect to SERVLES:1433:1433 - getaddrinfo ENOTFOUND SERVLES:1433","code":"ESOCKET"},"name":"ConnectionError"}}
{"code":"ENOCONN","name":"RequestError","level":"info"}
{"message":"Server running at http://localhost:3001/","level":"info"}
{"level":"info","message":{"code":"ESOCKET","originalError":{"message":"Failed to connect to SERVLES,1433:1433 - getaddrinfo ENOTFOUND SERVLES,1433","code":"ESOCKET"},"name":"ConnectionError"}}
{"code":"ENOCONN","name":"RequestError","level":"info"}
{"message":"Server running at http://localhost:3001/","level":"info"}
{"message":"Server running at http://localhost:3001/","level":"info"}
{"level":"info","message":{"code":"ESOCKET","originalError":{"message":"Failed to connect to SERVLESSQLEXPRESS:1433 - getaddrinfo ENOTFOUND SERVLESSQLEXPRESS","code":"ESOCKET"},"name":"ConnectionError"}}
{"code":"ENOCONN","name":"RequestError","level":"info"}
{"message":"Server running at http://localhost:3001/","level":"info"}
{"level":"info","message":{"code":"ESOCKET","originalError":{"message":"Failed to connect to SERVLES/SQLEXPRESS:1433 - getaddrinfo ENOTFOUND SERVLES/SQLEXPRESS","code":"ESOCKET"},"name":"ConnectionError"}}
{"code":"ENOCONN","name":"RequestError","level":"info"}
{"level":"info","message":{"code":"ESOCKET","originalError":{"message":"Failed to connect to SERVLES/SQLEXPRESS:1433 - getaddrinfo ENOTFOUND SERVLES/SQLEXPRESS","code":"ESOCKET"},"name":"ConnectionError"}}
{"code":"ENOCONN","name":"RequestError","level":"info"}
{"message":"Server running at http://localhost:3001/","level":"info"}
{"level":"info","message":{"code":"ESOCKET","originalError":{"message":"Failed to connect to SERVLES:1433 - self signed certificate","code":"ESOCKET"},"name":"ConnectionError"}}
{"code":"ENOCONN","name":"RequestError","level":"info"}
{"message":"Server running at http://localhost:3001/","level":"info"}
{"level":"info","message":{"code":"EINSTLOOKUP","originalError":{"message":"Port for SQLEXPRESS not found in SERVLES","code":"EINSTLOOKUP"},"name":"ConnectionError"}}
{"code":"ENOCONN","name":"RequestError","level":"info"}
{"message":"Server running at http://localhost:3001/","level":"info"}
{"level":"info","message":{"code":"ESOCKET","originalError":{"message":"Failed to connect to SERVLES:1433 - self signed certificate","code":"ESOCKET"},"name":"ConnectionError"}}
{"code":"ENOCONN","name":"RequestError","level":"info"}
{"message":"Server running at http://localhost:3001/","level":"info"}
{"level":"info","message":{"code":"ETIMEOUT","originalError":{"message":"Failed to connect to \\SERVLES in 15000ms","code":"ETIMEOUT"},"name":"ConnectionError"}}
{"code":"ENOCONN","name":"RequestError","level":"info"}
{"message":"Server running at http://localhost:3001/","level":"info"}
{"message":"Server running at http://localhost:3001/","level":"info"}
{"level":"info","message":{"code":"ESOCKET","originalError":{"message":"Failed to connect to SERVLES:1433 - self signed certificate","code":"ESOCKET"},"name":"ConnectionError"}}
{"code":"ENOCONN","name":"RequestError","level":"info"}
{"message":"Server running at http://localhost:3001/","level":"info"}
{"level":"info","message":{"name":"ConnectionError"}}
{"code":"ENOCONN","name":"RequestError","level":"info"}
{"message":"Server running at http://localhost:3001/","level":"info"}
{"message":"Server running at http://localhost:3001/","level":"info"}
{"level":"info","message":{"name":"ConnectionError"}}
{"code":"ENOCONN","name":"RequestError","level":"info"}
{"message":"Server running at http://localhost:3001/","level":"info"}
{"message":"Server running at http://localhost:3001/","level":"info"}
{"message":"Server running at http://localhost:3001/","level":"info"}
{"message":"Server running at http://localhost:3001/","level":"info"}
{"message":"Server running at http://localhost:3001/","level":"info"}
{"message":"Server running at http://localhost:3001/","level":"info"}
{"message":"Server running at http://localhost:3001/","level":"info"}
{"message":"Server running at http://localhost:3001/","level":"info"}
{"message":"Server running at http://localhost:3001/","level":"info"}
{"message":"Server running at http://localhost:3001/","level":"info"}
{"level":"info","message":{"name":"ConnectionError"}}
{"code":"ENOCONN","name":"RequestError","level":"info"}
{"message":"Server running at http://localhost:3001/","level":"info"}
{"level":"info","message":{"name":"ConnectionError"}}
{"code":"ENOCONN","name":"RequestError","level":"info"}
{"message":"Server running at http://localhost:3001/","level":"info"}
{"message":"Server running at http://localhost:3001/","level":"info"}
{"message":"Server running at http://localhost:3001/","level":"info"}
{"level":"info","message":null}
{"message":{"recordsets":[[{"id":1,"firstName":"Павел          ","lastName":"Гордеев        "}]],"recordset":[{"id":1,"firstName":"Павел          ","lastName":"Гордеев        "}],"output":{},"rowsAffected":[]},"level":"info"}
{"level":"info","message":null}
{"message":{"recordsets":[[{"id":1,"firstName":"Павел          ","lastName":"Гордеев        "}]],"recordset":[{"id":1,"firstName":"Павел          ","lastName":"Гордеев        "}],"output":{},"rowsAffected":[]},"level":"info"}
{"level":"info","message":null}
{"message":{"recordsets":[[{"id":1,"firstName":"Павел          ","lastName":"Гордеев        "},{"id":2,"firstName":"Владислав","lastName":"Рожков"}]],"recordset":[{"id":1,"firstName":"Павел          ","lastName":"Гордеев        "},{"id":2,"firstName":"Владислав","lastName":"Рожков"}],"output":{},"rowsAffected":[]},"level":"info"}
{"level":"info","message":null}
{"message":{"recordsets":[[{"id":1,"firstName":"Павел","lastName":"Гордеев "},{"id":2,"firstName":"Владислав","lastName":"Рожков"}]],"recordset":[{"id":1,"firstName":"Павел","lastName":"Гордеев "},{"id":2,"firstName":"Владислав","lastName":"Рожков"}],"output":{},"rowsAffected":[]},"level":"info"}
{"level":"info","message":null}
{"message":{"recordsets":[[{"id":1,"firstName":"Павел","lastName":"Гордеев"},{"id":2,"firstName":"Владислав","lastName":"Рожков"}]],"recordset":[{"id":1,"firstName":"Павел","lastName":"Гордеев"},{"id":2,"firstName":"Владислав","lastName":"Рожков"}],"output":{},"rowsAffected":[]},"level":"info"}
{"message":"Server running at http://localhost:3001/","level":"info"}
{"level":"info","message":null}
{"message":{"recordsets":[[{"id":1,"firstName":"Павел","lastName":"Гордеев"},{"id":2,"firstName":"Владислав","lastName":"Рожков"}]],"recordset":[{"id":1,"firstName":"Павел","lastName":"Гордеев"},{"id":2,"firstName":"Владислав","lastName":"Рожков"}],"output":{},"rowsAffected":[]},"level":"info"}
{"message":"Server running at http://localhost:3001/","level":"info"}
{"level":"info","message":null}
{"message":[{"id":1,"firstName":"Павел","lastName":"Гордеев"},{"id":2,"firstName":"Владислав","lastName":"Рожков"}],"level":"info"}
{"message":"Server running at http://localhost:3001/","level":"info"}
{"message":"Server running at http://localhost:3001/","level":"info"}
{"message":"Server running at http://localhost:3001/","level":"info"}
{"message":"Server running at http://localhost:3001/","level":"info"}
{"message":"Server running at http://localhost:3001/","level":"info"}
{"message":"Server running at http://localhost:3001/","level":"info"}
{"level":"info","message":null}
{"message":"Server running at http://localhost:3001/","level":"info"}
{"message":"Server running at http://localhost:3001/","level":"info"}
{"message":"Server running at http://localhost:3001/","level":"info"}
{"level":"error"}
{"message":"Server running at http://localhost:3001/","level":"info"}
{"code":"EREQUEST","originalError":{"sqlstate":"42S22","code":207,"severity":16,"serverName":"SERVLES","procName":"","lineNumber":1},"name":"RequestError","number":207,"lineNumber":1,"state":"42S22","class":16,"serverName":"SERVLES","procName":"","level":"error"}
{"message":"Server running at http://localhost:3001/","level":"info"}
{"code":"EREQUEST","originalError":{"sqlstate":"42S22","code":207,"severity":16,"serverName":"SERVLES","procName":"","lineNumber":1},"name":"RequestError","number":207,"lineNumber":1,"state":"42S22","class":16,"serverName":"SERVLES","procName":"","level":"error"}
{"message":"Server running at http://localhost:3001/","level":"info"}
{"code":"EREQUEST","originalError":{"sqlstate":"42S22","code":207,"severity":16,"serverName":"SERVLES","procName":"","lineNumber":1},"name":"RequestError","number":207,"lineNumber":1,"state":"42S22","class":16,"serverName":"SERVLES","procName":"","level":"error"}
{"message":"Server running at http://localhost:3001/","level":"info"}
{"code":"EREQUEST","originalError":{"sqlstate":"42S22","code":207,"severity":16,"serverName":"SERVLES","procName":"","lineNumber":1},"name":"RequestError","number":207,"lineNumber":1,"state":"42S22","class":16,"serverName":"SERVLES","procName":"","precedingErrors":[{"code":"EREQUEST","originalError":{"sqlstate":"42S22","code":207,"severity":16,"serverName":"SERVLES","procName":"","lineNumber":1},"name":"RequestError","number":207,"lineNumber":1,"state":"42S22","class":16,"serverName":"SERVLES","procName":""}],"level":"error"}
{"message":"Server running at http://localhost:3001/","level":"info"}
{"code":"EREQUEST","originalError":{"sqlstate":"42S22","code":207,"severity":16,"serverName":"SERVLES","procName":"","lineNumber":1},"name":"RequestError","number":207,"lineNumber":1,"state":"42S22","class":16,"serverName":"SERVLES","procName":"","precedingErrors":[{"code":"EREQUEST","originalError":{"sqlstate":"42S22","code":207,"severity":16,"serverName":"SERVLES","procName":"","lineNumber":1},"name":"RequestError","number":207,"lineNumber":1,"state":"42S22","class":16,"serverName":"SERVLES","procName":""}],"level":"error"}
{"message":"Server running at http://localhost:3001/","level":"info"}
{"message":"Server running at http://localhost:3001/","level":"info"}
{"message":"Server running at http://localhost:3001/","level":"info"}
{"message":"Server running at http://localhost:3001/","level":"info"}
{"message":"Server running at http://localhost:3001/","level":"info"}
{"message":"Server running at http://localhost:3001/","level":"info"}
{"message":"Server running at http://localhost:3001/","level":"info"}
{"message":"Server running at http://localhost:3001/","level":"info"}
{"message":"Server running at http://localhost:3001/","level":"info"}
{"message":"Server running at http://localhost:3001/","level":"info"}
{"code":"EREQUEST","originalError":{"sqlstate":"42S02","code":208,"severity":16,"serverName":"SERVLES","procName":"","lineNumber":1},"name":"RequestError","number":208,"lineNumber":1,"state":"42S02","class":16,"serverName":"SERVLES","procName":"","level":"error"}
{"message":"Server running at http://localhost:3001/","level":"info"}
{"code":"EREQUEST","originalError":{"sqlstate":"42S02","code":208,"severity":16,"serverName":"SERVLES","procName":"","lineNumber":1},"name":"RequestError","number":208,"lineNumber":1,"state":"42S02","class":16,"serverName":"SERVLES","procName":"","level":"error"}
{"message":"Server running at http://localhost:3001/","level":"info"}
{"code":"EREQUEST","originalError":{"sqlstate":"42S02","code":208,"severity":16,"serverName":"SERVLES","procName":"","lineNumber":1},"name":"RequestError","number":208,"lineNumber":1,"state":"42S02","class":16,"serverName":"SERVLES","procName":"","level":"error"}
{"message":"Server running at http://localhost:3001/","level":"info"}
{"code":"EREQUEST","originalError":{"sqlstate":"42S02","code":208,"severity":16,"serverName":"SERVLES","procName":"","lineNumber":1},"name":"RequestError","number":208,"lineNumber":1,"state":"42S02","class":16,"serverName":"SERVLES","procName":"","level":"error"}
{"message":"Server running at http://localhost:3001/","level":"info"}
{"message":{"recordsets":[[{"partNumber":"wq12","typeID":1,"manufactureDate":"2020-09-10T00:00:00.000Z","unloadingDate":"1999-01-20T00:00:00.000Z","userID":"1         ","updateTime":"2021-08-03T16:10:18.267Z","locationStorage":"улица","amountIn":400,"amountStore":400,"param1":null,"param2":null,"param3":null,"param4":null,"comment":null}]],"recordset":[{"partNumber":"wq12","typeID":1,"manufactureDate":"2020-09-10T00:00:00.000Z","unloadingDate":"1999-01-20T00:00:00.000Z","userID":"1         ","updateTime":"2021-08-03T16:10:18.267Z","locationStorage":"улица","amountIn":400,"amountStore":400,"param1":null,"param2":null,"param3":null,"param4":null,"comment":null}],"output":{},"rowsAffected":[]},"level":"info"}
{"code":"EREQUEST","originalError":{"sqlstate":"42S02","code":208,"severity":16,"serverName":"SERVLES","procName":"","lineNumber":1},"name":"RequestError","number":208,"lineNumber":1,"state":"42S02","class":16,"serverName":"SERVLES","procName":"","level":"error"}
{"message":"Server running at http://localhost:3001/","level":"info"}
{"message":[{"partNumber":"wq12","typeID":1,"manufactureDate":"2020-09-10T00:00:00.000Z","unloadingDate":"1999-01-20T00:00:00.000Z","userID":"1         ","updateTime":"2021-08-03T16:10:30.867Z","locationStorage":"улица","amountIn":400,"amountStore":400,"param1":null,"param2":null,"param3":null,"param4":null,"comment":null}],"level":"info"}
{"code":"EREQUEST","originalError":{"sqlstate":"42S02","code":208,"severity":16,"serverName":"SERVLES","procName":"","lineNumber":1},"name":"RequestError","number":208,"lineNumber":1,"state":"42S02","class":16,"serverName":"SERVLES","procName":"","level":"error"}
{"message":[{"partNumber":"wq12","typeID":1,"manufactureDate":"2020-09-10T00:00:00.000Z","unloadingDate":"1999-01-20T00:00:00.000Z","userID":"1         ","updateTime":"2021-08-03T16:10:42.963Z","locationStorage":"улица","amountIn":400,"amountStore":400,"param1":null,"param2":null,"param3":null,"param4":null,"comment":null}],"level":"info"}
{"code":"EREQUEST","originalError":{"sqlstate":"42S02","code":208,"severity":16,"serverName":"SERVLES","procName":"","lineNumber":1},"name":"RequestError","number":208,"lineNumber":1,"state":"42S02","class":16,"serverName":"SERVLES","procName":"","level":"error"}
{"message":"Server running at http://localhost:3001/","level":"info"}
{"message":{"partNumber":"wq12","typeID":1,"manufactureDate":"2020-09-10T00:00:00.000Z","unloadingDate":"1999-01-20T00:00:00.000Z","userID":"1         ","updateTime":"2021-08-03T16:10:49.190Z","locationStorage":"улица","amountIn":400,"amountStore":400,"param1":null,"param2":null,"param3":null,"param4":null,"comment":null},"level":"info"}
{"code":"EREQUEST","originalError":{"sqlstate":"42S02","code":208,"severity":16,"serverName":"SERVLES","procName":"","lineNumber":1},"name":"RequestError","number":208,"lineNumber":1,"state":"42S02","class":16,"serverName":"SERVLES","procName":"","level":"error"}
{"message":"Server running at http://localhost:3001/","level":"info"}
{"message":{"partNumber":"wq12","typeID":1,"manufactureDate":"2020-09-10T00:00:00.000Z","unloadingDate":"1999-01-20T00:00:00.000Z","userID":"1         ","updateTime":"2021-08-03T16:11:01.707Z","locationStorage":"улица","amountIn":400,"amountStore":400,"param1":null,"param2":null,"param3":null,"param4":null,"comment":null},"level":"info"}
{"message":"Server running at http://localhost:3001/","level":"info"}
{"message":{"partNumber":"wq12","typeID":1,"manufactureDate":"2020-09-10T00:00:00.000Z","unloadingDate":"1999-01-20T00:00:00.000Z","userID":"1         ","updateTime":"2021-08-03T16:11:18.363Z","locationStorage":"улица","amountIn":400,"amountStore":400,"param1":null,"param2":null,"param3":null,"param4":null,"comment":null},"level":"info"}
{"message":{"partNumber":"wq12","typeID":1,"manufactureDate":"2020-09-10T00:00:00.000Z","unloadingDate":"1999-01-20T00:00:00.000Z","userID":"1         ","updateTime":"2021-08-03T16:11:35.630Z","locationStorage":"улица","amountIn":400,"amountStore":400,"param1":null,"param2":null,"param3":null,"param4":null,"comment":null},"level":"info"}
{"message":"Server running at http://localhost:3001/","level":"info"}
{"message":{"partNumber":"wq12","typeID":1,"manufactureDate":"2020-09-10T00:00:00.000Z","unloadingDate":"1999-01-20T00:00:00.000Z","userID":"1         ","updateTime":"2021-08-03T16:11:58.390Z","locationStorage":"улица","amountIn":400,"amountStore":400,"param1":null,"param2":null,"param3":null,"param4":null,"comment":null},"level":"info"}
{"code":"EREQUEST","originalError":{"sqlstate":"42S02","code":208,"severity":16,"serverName":"SERVLES","procName":"","lineNumber":1},"name":"RequestError","number":208,"lineNumber":1,"state":"42S02","class":16,"serverName":"SERVLES","procName":"","level":"error"}
{"message":"Server running at http://localhost:3001/","level":"info"}
{"message":"Server running at http://localhost:3001/","level":"info"}
{"message":{"partNumber":"wq12","typeID":1,"manufactureDate":"2020-09-10T00:00:00.000Z","unloadingDate":"1999-01-20T00:00:00.000Z","userID":"1         ","updateTime":"2021-08-03T16:12:14.927Z","locationStorage":"улица","amountIn":400,"amountStore":400,"param1":null,"param2":null,"param3":null,"param4":null,"comment":null},"level":"info"}
{"code":"EREQUEST","originalError":{"sqlstate":"42S02","code":208,"severity":16,"serverName":"SERVLES","procName":"","lineNumber":1},"name":"RequestError","number":208,"lineNumber":1,"state":"42S02","class":16,"serverName":"SERVLES","procName":"","level":"error"}
{"message":"Server running at http://localhost:3001/","level":"info"}
{"message":{"partNumber":"wq12","typeID":1,"manufactureDate":"2020-09-10T00:00:00.000Z","unloadingDate":"1999-01-20T00:00:00.000Z","userID":"1         ","updateTime":"2021-08-03T16:12:25.283Z","locationStorage":"улица","amountIn":400,"amountStore":400,"param1":null,"param2":null,"param3":null,"param4":null,"comment":null},"level":"info"}
{"code":"EREQUEST","originalError":{"sqlstate":"42S02","code":208,"severity":16,"serverName":"SERVLES","procName":"","lineNumber":1},"name":"RequestError","number":208,"lineNumber":1,"state":"42S02","class":16,"serverName":"SERVLES","procName":"","level":"error"}
{"message":"Server running at http://localhost:3001/","level":"info"}
{"message":"Server running at http://localhost:3001/","level":"info"}
{"message":{"partNumber":"wq12","typeID":1,"manufactureDate":"2020-09-10T00:00:00.000Z","unloadingDate":"1999-01-20T00:00:00.000Z","userID":"1         ","updateTime":"2021-08-04T08:41:56.547Z","locationStorage":"улица","amountIn":400,"amountStore":400,"param1":null,"param2":null,"param3":null,"param4":null,"comment":null},"level":"info"}
{"code":"EREQUEST","originalError":{"sqlstate":"42S02","code":208,"severity":16,"serverName":"SERVLES","procName":"","lineNumber":1},"name":"RequestError","number":208,"lineNumber":1,"state":"42S02","class":16,"serverName":"SERVLES","procName":"","level":"error"}
{"message":"Server running at http://localhost:3001/","level":"info"}
{"message":{"partNumber":"wq12","typeID":1,"manufactureDate":"2020-09-10T00:00:00.000Z","unloadingDate":"1999-01-20T00:00:00.000Z","userID":"1         ","updateTime":"2021-08-04T08:42:19.883Z","locationStorage":"улица","amountIn":400,"amountStore":400,"param1":null,"param2":null,"param3":null,"param4":null,"comment":null},"level":"info"}
{"code":"EREQUEST","originalError":{"sqlstate":"42S02","code":208,"severity":16,"serverName":"SERVLES","procName":"","lineNumber":1},"name":"RequestError","number":208,"lineNumber":1,"state":"42S02","class":16,"serverName":"SERVLES","procName":"","level":"error"}
{"message":"Server running at http://localhost:3001/","level":"info"}
{"message":{"partNumber":"wq12","typeID":1,"manufactureDate":"2020-09-10T00:00:00.000Z","unloadingDate":"1999-01-20T00:00:00.000Z","userID":"1         ","updateTime":"2021-08-04T08:42:34.903Z","locationStorage":"улица","amountIn":400,"amountStore":400,"param1":null,"param2":null,"param3":null,"param4":null,"comment":null},"level":"info"}
{"code":"EREQUEST","originalError":{"sqlstate":"42S02","code":208,"severity":16,"serverName":"SERVLES","procName":"","lineNumber":1},"name":"RequestError","number":208,"lineNumber":1,"state":"42S02","class":16,"serverName":"SERVLES","procName":"","level":"error"}
{"message":"Server running at http://localhost:3001/","level":"info"}
{"message":{"partNumber":"wq12","typeID":1,"manufactureDate":"2020-09-10T00:00:00.000Z","unloadingDate":"1999-01-20T00:00:00.000Z","userID":"1         ","updateTime":"2021-08-04T08:42:46.023Z","locationStorage":"улица","amountIn":400,"amountStore":400,"param1":null,"param2":null,"param3":null,"param4":null,"comment":null},"level":"info"}
{"code":"EREQUEST","originalError":{"sqlstate":"42S02","code":208,"severity":16,"serverName":"SERVLES","procName":"","lineNumber":1},"name":"RequestError","number":208,"lineNumber":1,"state":"42S02","class":16,"serverName":"SERVLES","procName":"","level":"error"}
{"message":"Server running at http://localhost:3001/","level":"info"}
{"message":{"partNumber":"wq12","typeID":1,"manufactureDate":"2020-09-10T00:00:00.000Z","unloadingDate":"1999-01-20T00:00:00.000Z","userID":"1         ","updateTime":"2021-08-04T08:42:55.417Z","locationStorage":"улица","amountIn":400,"amountStore":400,"param1":null,"param2":null,"param3":null,"param4":null,"comment":null},"level":"info"}
{"code":"EREQUEST","originalError":{"sqlstate":"42S02","code":208,"severity":16,"serverName":"SERVLES","procName":"","lineNumber":1},"name":"RequestError","number":208,"lineNumber":1,"state":"42S02","class":16,"serverName":"SERVLES","procName":"","level":"error"}
{"message":"Server running at http://localhost:3001/","level":"info"}
{"message":{"partNumber":"wq12","typeID":1,"manufactureDate":"2020-09-10T00:00:00.000Z","unloadingDate":"1999-01-20T00:00:00.000Z","userID":"1         ","updateTime":"2021-08-04T08:43:17.297Z","locationStorage":"улица","amountIn":400,"amountStore":400,"param1":null,"param2":null,"param3":null,"param4":null,"comment":null},"level":"info"}
{"code":"EREQUEST","originalError":{"sqlstate":"42S02","code":208,"severity":16,"serverName":"SERVLES","procName":"","lineNumber":1},"name":"RequestError","number":208,"lineNumber":1,"state":"42S02","class":16,"serverName":"SERVLES","procName":"","level":"error"}
{"message":"Server running at http://localhost:3001/","level":"info"}
{"message":{"partNumber":"wq12","typeID":1,"manufactureDate":"2020-09-10T00:00:00.000Z","unloadingDate":"1999-01-20T00:00:00.000Z","userID":"1         ","updateTime":"2021-08-04T08:44:20.637Z","locationStorage":"улица","amountIn":400,"amountStore":400,"param1":null,"param2":null,"param3":null,"param4":null,"comment":null},"level":"info"}
{"message":{"id":1,"title":"ZnO","param1":"Размер частицы","param2":"Номер печи","param3":null,"param4":null},"level":"info"}
{"level":"error"}
{"message":"Server running at http://localhost:3001/","level":"info"}
{"message":{"partNumber":"wq12","typeID":1,"manufactureDate":"2020-09-10T00:00:00.000Z","unloadingDate":"1999-01-20T00:00:00.000Z","userID":"1         ","updateTime":"2021-08-04T08:44:40.670Z","locationStorage":"улица","amountIn":400,"amountStore":400,"param1":null,"param2":null,"param3":null,"param4":null,"comment":null},"level":"info"}
{"message":{"id":1,"title":"ZnO","param1":"Размер частицы","param2":"Номер печи","param3":null,"param4":null},"level":"info"}
{"level":"error"}
{"message":"Server running at http://localhost:3001/","level":"info"}
{"message":{"partNumber":"wq12","typeID":1,"manufactureDate":"2020-09-10T00:00:00.000Z","unloadingDate":"1999-01-20T00:00:00.000Z","userID":"1         ","updateTime":"2021-08-04T08:45:02.913Z","locationStorage":"улица","amountIn":400,"amountStore":400,"param1":null,"param2":null,"param3":null,"param4":null,"comment":null},"level":"info"}
{"message":{"id":1,"title":"ZnO","param1":"Размер частицы","param2":"Номер печи","param3":null,"param4":null},"level":"info"}
{"message":"Server running at http://localhost:3001/","level":"info"}
{"message":{"partNumber":"wq12","typeID":1,"manufactureDate":"2020-09-10T00:00:00.000Z","unloadingDate":"1999-01-20T00:00:00.000Z","userID":"1         ","updateTime":"2021-08-04T08:45:54.370Z","locationStorage":"улица","amountIn":400,"amountStore":400,"param1":null,"param2":null,"param3":null,"param4":null,"comment":null},"level":"info"}
{"message":{"id":1,"title":"ZnO","param1":"Размер частицы","param2":"Номер печи","param3":null,"param4":null},"level":"info"}
{"message":"Server running at http://localhost:3001/","level":"info"}
{"message":"Server running at http://localhost:3001/","level":"info"}
{"message":"Server running at http://localhost:3001/","level":"info"}
{"message":"Server running at http://localhost:3001/","level":"info"}
{"message":"Server running at http://localhost:3001/","level":"info"}
{"message":"Server running at http://localhost:3001/","level":"info"}
{"message":"Server running at http://localhost:3001/","level":"info"}
{"message":"Server running at http://localhost:3001/","level":"info"}
{"message":"Server running at http://localhost:3001/","level":"info"}
{"message":"Server running at http://localhost:3001/","level":"info"}
{"message":"Server running at http://localhost:3001/","level":"info"}
{"message":"Server running at http://localhost:3001/","level":"info"}
{"message":"Server running at http://localhost:3001/","level":"info"}
{"level":"error"}
{"message":"Server running at http://localhost:3001/","level":"info"}
{"level":"error"}
{"message":"Server running at http://localhost:3001/","level":"info"}
{"code":"EREQUEST","originalError":{"sqlstate":"42000","code":132,"severity":15,"serverName":"SERVLES","procName":"","lineNumber":5},"name":"RequestError","number":132,"lineNumber":5,"state":"42000","class":15,"serverName":"SERVLES","procName":"","precedingErrors":[{"code":"EREQUEST","originalError":{"sqlstate":"42000","code":102,"severity":15,"serverName":"SERVLES","procName":"","lineNumber":4},"name":"RequestError","number":102,"lineNumber":4,"state":"42000","class":15,"serverName":"SERVLES","procName":""}],"level":"error"}
{"message":"Server running at http://localhost:3001/","level":"info"}
{"code":"EREQUEST","originalError":{"sqlstate":"42000","code":132,"severity":15,"serverName":"SERVLES","procName":"","lineNumber":5},"name":"RequestError","number":132,"lineNumber":5,"state":"42000","class":15,"serverName":"SERVLES","procName":"","precedingErrors":[{"code":"EREQUEST","originalError":{"sqlstate":"42000","code":102,"severity":15,"serverName":"SERVLES","procName":"","lineNumber":4},"name":"RequestError","number":102,"lineNumber":4,"state":"42000","class":15,"serverName":"SERVLES","procName":""}],"level":"error"}
{"message":"Server running at http://localhost:3001/","level":"info"}
{"message":"Server running at http://localhost:3001/","level":"info"}
{"code":"EREQUEST","originalError":{"sqlstate":"42000","code":132,"severity":15,"serverName":"SERVLES","procName":"","lineNumber":5},"name":"RequestError","number":132,"lineNumber":5,"state":"42000","class":15,"serverName":"SERVLES","procName":"","precedingErrors":[{"code":"EREQUEST","originalError":{"sqlstate":"42000","code":102,"severity":15,"serverName":"SERVLES","procName":"","lineNumber":4},"name":"RequestError","number":102,"lineNumber":4,"state":"42000","class":15,"serverName":"SERVLES","procName":""}],"level":"error"}
{"message":"Server running at http://localhost:3001/","level":"info"}
{"code":"EREQUEST","originalError":{"sqlstate":"42000","code":132,"severity":15,"serverName":"SERVLES","procName":"","lineNumber":5},"name":"RequestError","number":132,"lineNumber":5,"state":"42000","class":15,"serverName":"SERVLES","procName":"","precedingErrors":[{"code":"EREQUEST","originalError":{"sqlstate":"42000","code":102,"severity":15,"serverName":"SERVLES","procName":"","lineNumber":4},"name":"RequestError","number":102,"lineNumber":4,"state":"42000","class":15,"serverName":"SERVLES","procName":""}],"level":"error"}
{"message":"Server running at http://localhost:3001/","level":"info"}
{"code":"EREQUEST","originalError":{"sqlstate":"42000","code":132,"severity":15,"serverName":"SERVLES","procName":"","lineNumber":5},"name":"RequestError","number":132,"lineNumber":5,"state":"42000","class":15,"serverName":"SERVLES","procName":"","precedingErrors":[{"code":"EREQUEST","originalError":{"sqlstate":"42000","code":102,"severity":15,"serverName":"SERVLES","procName":"","lineNumber":4},"name":"RequestError","number":102,"lineNumber":4,"state":"42000","class":15,"serverName":"SERVLES","procName":""}],"level":"error"}
{"code":"EREQUEST","originalError":{"sqlstate":"42000","code":132,"severity":15,"serverName":"SERVLES","procName":"","lineNumber":5},"name":"RequestError","number":132,"lineNumber":5,"state":"42000","class":15,"serverName":"SERVLES","procName":"","precedingErrors":[{"code":"EREQUEST","originalError":{"sqlstate":"42000","code":102,"severity":15,"serverName":"SERVLES","procName":"","lineNumber":4},"name":"RequestError","number":102,"lineNumber":4,"state":"42000","class":15,"serverName":"SERVLES","procName":""}],"level":"error"}
{"message":"Server running at http://localhost:3001/","level":"info"}
{"code":"EREQUEST","originalError":{"sqlstate":"21S01","code":213,"severity":16,"serverName":"SERVLES","procName":"","lineNumber":1},"name":"RequestError","number":213,"lineNumber":1,"state":"21S01","class":16,"serverName":"SERVLES","procName":"","level":"error"}
{"code":"EREQUEST","originalError":{"sqlstate":"21S01","code":213,"severity":16,"serverName":"SERVLES","procName":"","lineNumber":1},"name":"RequestError","number":213,"lineNumber":1,"state":"21S01","class":16,"serverName":"SERVLES","procName":"","level":"error"}
{"code":"EREQUEST","originalError":{"sqlstate":"21S01","code":213,"severity":16,"serverName":"SERVLES","procName":"","lineNumber":1},"name":"RequestError","number":213,"lineNumber":1,"state":"21S01","class":16,"serverName":"SERVLES","procName":"","level":"error"}
{"message":"Server running at http://localhost:3001/","level":"info"}
{"code":"EREQUEST","originalError":{"sqlstate":"42000","code":257,"severity":16,"serverName":"SERVLES","procName":"","lineNumber":1},"name":"RequestError","number":257,"lineNumber":1,"state":"42000","class":16,"serverName":"SERVLES","procName":"","level":"error"}
{"message":"Server running at http://localhost:3001/","level":"info"}
{"message":"Server running at http://localhost:3001/","level":"info"}
{"message":"Server running at http://localhost:3001/","level":"info"}
