{"level":"error"}
{"code":"EREQUEST","originalError":{"sqlstate":"42S22","code":207,"severity":16,"serverName":"SERVLES","procName":"","lineNumber":1},"name":"RequestError","number":207,"lineNumber":1,"state":"42S22","class":16,"serverName":"SERVLES","procName":"","level":"error"}
{"code":"EREQUEST","originalError":{"sqlstate":"42S22","code":207,"severity":16,"serverName":"SERVLES","procName":"","lineNumber":1},"name":"RequestError","number":207,"lineNumber":1,"state":"42S22","class":16,"serverName":"SERVLES","procName":"","level":"error"}
{"code":"EREQUEST","originalError":{"sqlstate":"42S22","code":207,"severity":16,"serverName":"SERVLES","procName":"","lineNumber":1},"name":"RequestError","number":207,"lineNumber":1,"state":"42S22","class":16,"serverName":"SERVLES","procName":"","level":"error"}
{"code":"EREQUEST","originalError":{"sqlstate":"42S22","code":207,"severity":16,"serverName":"SERVLES","procName":"","lineNumber":1},"name":"RequestError","number":207,"lineNumber":1,"state":"42S22","class":16,"serverName":"SERVLES","procName":"","precedingErrors":[{"code":"EREQUEST","originalError":{"sqlstate":"42S22","code":207,"severity":16,"serverName":"SERVLES","procName":"","lineNumber":1},"name":"RequestError","number":207,"lineNumber":1,"state":"42S22","class":16,"serverName":"SERVLES","procName":""}],"level":"error"}
{"code":"EREQUEST","originalError":{"sqlstate":"42S22","code":207,"severity":16,"serverName":"SERVLES","procName":"","lineNumber":1},"name":"RequestError","number":207,"lineNumber":1,"state":"42S22","class":16,"serverName":"SERVLES","procName":"","precedingErrors":[{"code":"EREQUEST","originalError":{"sqlstate":"42S22","code":207,"severity":16,"serverName":"SERVLES","procName":"","lineNumber":1},"name":"RequestError","number":207,"lineNumber":1,"state":"42S22","class":16,"serverName":"SERVLES","procName":""}],"level":"error"}
{"code":"EREQUEST","originalError":{"sqlstate":"42S02","code":208,"severity":16,"serverName":"SERVLES","procName":"","lineNumber":1},"name":"RequestError","number":208,"lineNumber":1,"state":"42S02","class":16,"serverName":"SERVLES","procName":"","level":"error"}
{"code":"EREQUEST","originalError":{"sqlstate":"42S02","code":208,"severity":16,"serverName":"SERVLES","procName":"","lineNumber":1},"name":"RequestError","number":208,"lineNumber":1,"state":"42S02","class":16,"serverName":"SERVLES","procName":"","level":"error"}
{"code":"EREQUEST","originalError":{"sqlstate":"42S02","code":208,"severity":16,"serverName":"SERVLES","procName":"","lineNumber":1},"name":"RequestError","number":208,"lineNumber":1,"state":"42S02","class":16,"serverName":"SERVLES","procName":"","level":"error"}
{"code":"EREQUEST","originalError":{"sqlstate":"42S02","code":208,"severity":16,"serverName":"SERVLES","procName":"","lineNumber":1},"name":"RequestError","number":208,"lineNumber":1,"state":"42S02","class":16,"serverName":"SERVLES","procName":"","level":"error"}
{"code":"EREQUEST","originalError":{"sqlstate":"42S02","code":208,"severity":16,"serverName":"SERVLES","procName":"","lineNumber":1},"name":"RequestError","number":208,"lineNumber":1,"state":"42S02","class":16,"serverName":"SERVLES","procName":"","level":"error"}
{"code":"EREQUEST","originalError":{"sqlstate":"42S02","code":208,"severity":16,"serverName":"SERVLES","procName":"","lineNumber":1},"name":"RequestError","number":208,"lineNumber":1,"state":"42S02","class":16,"serverName":"SERVLES","procName":"","level":"error"}
{"code":"EREQUEST","originalError":{"sqlstate":"42S02","code":208,"severity":16,"serverName":"SERVLES","procName":"","lineNumber":1},"name":"RequestError","number":208,"lineNumber":1,"state":"42S02","class":16,"serverName":"SERVLES","procName":"","level":"error"}
{"code":"EREQUEST","originalError":{"sqlstate":"42S02","code":208,"severity":16,"serverName":"SERVLES","procName":"","lineNumber":1},"name":"RequestError","number":208,"lineNumber":1,"state":"42S02","class":16,"serverName":"SERVLES","procName":"","level":"error"}
{"code":"EREQUEST","originalError":{"sqlstate":"42S02","code":208,"severity":16,"serverName":"SERVLES","procName":"","lineNumber":1},"name":"RequestError","number":208,"lineNumber":1,"state":"42S02","class":16,"serverName":"SERVLES","procName":"","level":"error"}
{"code":"EREQUEST","originalError":{"sqlstate":"42S02","code":208,"severity":16,"serverName":"SERVLES","procName":"","lineNumber":1},"name":"RequestError","number":208,"lineNumber":1,"state":"42S02","class":16,"serverName":"SERVLES","procName":"","level":"error"}
{"code":"EREQUEST","originalError":{"sqlstate":"42S02","code":208,"severity":16,"serverName":"SERVLES","procName":"","lineNumber":1},"name":"RequestError","number":208,"lineNumber":1,"state":"42S02","class":16,"serverName":"SERVLES","procName":"","level":"error"}
{"code":"EREQUEST","originalError":{"sqlstate":"42S02","code":208,"severity":16,"serverName":"SERVLES","procName":"","lineNumber":1},"name":"RequestError","number":208,"lineNumber":1,"state":"42S02","class":16,"serverName":"SERVLES","procName":"","level":"error"}
{"code":"EREQUEST","originalError":{"sqlstate":"42S02","code":208,"severity":16,"serverName":"SERVLES","procName":"","lineNumber":1},"name":"RequestError","number":208,"lineNumber":1,"state":"42S02","class":16,"serverName":"SERVLES","procName":"","level":"error"}
{"code":"EREQUEST","originalError":{"sqlstate":"42S02","code":208,"severity":16,"serverName":"SERVLES","procName":"","lineNumber":1},"name":"RequestError","number":208,"lineNumber":1,"state":"42S02","class":16,"serverName":"SERVLES","procName":"","level":"error"}
{"code":"EREQUEST","originalError":{"sqlstate":"42S02","code":208,"severity":16,"serverName":"SERVLES","procName":"","lineNumber":1},"name":"RequestError","number":208,"lineNumber":1,"state":"42S02","class":16,"serverName":"SERVLES","procName":"","level":"error"}
{"code":"EREQUEST","originalError":{"sqlstate":"42S02","code":208,"severity":16,"serverName":"SERVLES","procName":"","lineNumber":1},"name":"RequestError","number":208,"lineNumber":1,"state":"42S02","class":16,"serverName":"SERVLES","procName":"","level":"error"}
{"code":"EREQUEST","originalError":{"sqlstate":"42S02","code":208,"severity":16,"serverName":"SERVLES","procName":"","lineNumber":1},"name":"RequestError","number":208,"lineNumber":1,"state":"42S02","class":16,"serverName":"SERVLES","procName":"","level":"error"}
{"level":"error"}
{"level":"error"}
{"level":"error"}
{"level":"error"}
{"code":"EREQUEST","originalError":{"sqlstate":"42000","code":132,"severity":15,"serverName":"SERVLES","procName":"","lineNumber":5},"name":"RequestError","number":132,"lineNumber":5,"state":"42000","class":15,"serverName":"SERVLES","procName":"","precedingErrors":[{"code":"EREQUEST","originalError":{"sqlstate":"42000","code":102,"severity":15,"serverName":"SERVLES","procName":"","lineNumber":4},"name":"RequestError","number":102,"lineNumber":4,"state":"42000","class":15,"serverName":"SERVLES","procName":""}],"level":"error"}
{"code":"EREQUEST","originalError":{"sqlstate":"42000","code":132,"severity":15,"serverName":"SERVLES","procName":"","lineNumber":5},"name":"RequestError","number":132,"lineNumber":5,"state":"42000","class":15,"serverName":"SERVLES","procName":"","precedingErrors":[{"code":"EREQUEST","originalError":{"sqlstate":"42000","code":102,"severity":15,"serverName":"SERVLES","procName":"","lineNumber":4},"name":"RequestError","number":102,"lineNumber":4,"state":"42000","class":15,"serverName":"SERVLES","procName":""}],"level":"error"}
{"code":"EREQUEST","originalError":{"sqlstate":"42000","code":132,"severity":15,"serverName":"SERVLES","procName":"","lineNumber":5},"name":"RequestError","number":132,"lineNumber":5,"state":"42000","class":15,"serverName":"SERVLES","procName":"","precedingErrors":[{"code":"EREQUEST","originalError":{"sqlstate":"42000","code":102,"severity":15,"serverName":"SERVLES","procName":"","lineNumber":4},"name":"RequestError","number":102,"lineNumber":4,"state":"42000","class":15,"serverName":"SERVLES","procName":""}],"level":"error"}
{"code":"EREQUEST","originalError":{"sqlstate":"42000","code":132,"severity":15,"serverName":"SERVLES","procName":"","lineNumber":5},"name":"RequestError","number":132,"lineNumber":5,"state":"42000","class":15,"serverName":"SERVLES","procName":"","precedingErrors":[{"code":"EREQUEST","originalError":{"sqlstate":"42000","code":102,"severity":15,"serverName":"SERVLES","procName":"","lineNumber":4},"name":"RequestError","number":102,"lineNumber":4,"state":"42000","class":15,"serverName":"SERVLES","procName":""}],"level":"error"}
{"code":"EREQUEST","originalError":{"sqlstate":"42000","code":132,"severity":15,"serverName":"SERVLES","procName":"","lineNumber":5},"name":"RequestError","number":132,"lineNumber":5,"state":"42000","class":15,"serverName":"SERVLES","procName":"","precedingErrors":[{"code":"EREQUEST","originalError":{"sqlstate":"42000","code":102,"severity":15,"serverName":"SERVLES","procName":"","lineNumber":4},"name":"RequestError","number":102,"lineNumber":4,"state":"42000","class":15,"serverName":"SERVLES","procName":""}],"level":"error"}
{"code":"EREQUEST","originalError":{"sqlstate":"42000","code":132,"severity":15,"serverName":"SERVLES","procName":"","lineNumber":5},"name":"RequestError","number":132,"lineNumber":5,"state":"42000","class":15,"serverName":"SERVLES","procName":"","precedingErrors":[{"code":"EREQUEST","originalError":{"sqlstate":"42000","code":102,"severity":15,"serverName":"SERVLES","procName":"","lineNumber":4},"name":"RequestError","number":102,"lineNumber":4,"state":"42000","class":15,"serverName":"SERVLES","procName":""}],"level":"error"}
{"code":"EREQUEST","originalError":{"sqlstate":"21S01","code":213,"severity":16,"serverName":"SERVLES","procName":"","lineNumber":1},"name":"RequestError","number":213,"lineNumber":1,"state":"21S01","class":16,"serverName":"SERVLES","procName":"","level":"error"}
{"code":"EREQUEST","originalError":{"sqlstate":"21S01","code":213,"severity":16,"serverName":"SERVLES","procName":"","lineNumber":1},"name":"RequestError","number":213,"lineNumber":1,"state":"21S01","class":16,"serverName":"SERVLES","procName":"","level":"error"}
{"code":"EREQUEST","originalError":{"sqlstate":"21S01","code":213,"severity":16,"serverName":"SERVLES","procName":"","lineNumber":1},"name":"RequestError","number":213,"lineNumber":1,"state":"21S01","class":16,"serverName":"SERVLES","procName":"","level":"error"}
{"code":"EREQUEST","originalError":{"sqlstate":"42000","code":257,"severity":16,"serverName":"SERVLES","procName":"","lineNumber":1},"name":"RequestError","number":257,"lineNumber":1,"state":"42000","class":16,"serverName":"SERVLES","procName":"","level":"error"}
